<?xml version="1.0" encoding="UTF-8"?>
<Site BuildName="Linux-aarch64-linux-gnu-g++"
	BuildStamp="20231223-1428-Experimental"
	Name="9e685f4421e2"
	Generator="ctest-3.22.2"
	CompilerName="/usr/bin/aarch64-linux-gnu-g++"
	CompilerVersion=""
	OSName="Linux"
	Hostname="9e685f4421e2"
	OSRelease="6.4.16-linuxkit"
	OSVersion="#1 SMP PREEMPT Thu Nov 16 10:49:20 UTC 2023"
	OSPlatform="aarch64"
	Is64Bits="1"
	VendorString=""
	VendorID="Unknown Manufacturer"
	FamilyID="8"
	ModelID="0"
	ProcessorCacheSize="0"
	NumberOfLogicalCPU="12"
	NumberOfPhysicalCPU="1"
	TotalVirtualMemory="1023"
	TotalPhysicalMemory="7844"
	LogicalProcessorsPerPhysical="12"
	ProcessorClockFrequency="0"
	>
	<Testing>
		<StartDateTime>Dec 23 14:29 UTC</StartDateTime>
		<StartTestTime>1703341771</StartTestTime>
		<TestList/>
		<EndDateTime>Dec 23 14:29 UTC</EndDateTime>
		<EndTestTime>1703341771</EndTestTime>
		<ElapsedMinutes>0</ElapsedMinutes>
	</Testing>
</Site>
